Copyright 1986-2020 Xilinx, Inc. All Rights Reserved.
-------------------------------------------------------------------------------------------------------------------------------------------
| Tool Version : Vivado v.2020.1 (lin64) Build 2902540 Wed May 27 19:54:35 MDT 2020
| Date         : Thu May 28 07:47:30 2020
| Host         : xcosswbld06 running 64-bit Red Hat Enterprise Linux Workstation release 7.4 (Maipo)
| Command      : report_utilization -file project_1_mod_and_chan_0_utilization_synth.rpt -pb project_1_mod_and_chan_0_utilization_synth.pb
| Design       : project_1_mod_and_chan_0
| Device       : xczu28drffvg1517-2
| Design State : Synthesized
-------------------------------------------------------------------------------------------------------------------------------------------

Utilization Design Information

Table of Contents
-----------------
1. CLB Logic
1.1 Summary of Registers by Type
2. BLOCKRAM
3. ARITHMETIC
4. I/O
5. CLOCK
6. ADVANCED
7. CONFIGURATION
8. Primitives
9. Black Boxes
10. Instantiated Netlists

1. CLB Logic
------------

+----------------------------+------+-------+-----------+-------+
|          Site Type         | Used | Fixed | Available | Util% |
+----------------------------+------+-------+-----------+-------+
| CLB LUTs*                  | 5186 |     0 |    425280 |  1.22 |
|   LUT as Logic             | 4802 |     0 |    425280 |  1.13 |
|   LUT as Memory            |  384 |     0 |    213600 |  0.18 |
|     LUT as Distributed RAM |    0 |     0 |           |       |
|     LUT as Shift Register  |  384 |     0 |           |       |
| CLB Registers              | 6932 |     0 |    850560 |  0.81 |
|   Register as Flip Flop    | 6932 |     0 |    850560 |  0.81 |
|   Register as Latch        |    0 |     0 |    850560 |  0.00 |
| CARRY8                     |  295 |     0 |     53160 |  0.55 |
| F7 Muxes                   |    0 |     0 |    212640 |  0.00 |
| F8 Muxes                   |    0 |     0 |    106320 |  0.00 |
| F9 Muxes                   |    0 |     0 |     53160 |  0.00 |
+----------------------------+------+-------+-----------+-------+
* Warning! The Final LUT count, after physical optimizations and full implementation, is typically lower. Run opt_design after synthesis, if not already completed, for a more realistic count.


1.1 Summary of Registers by Type
--------------------------------

+-------+--------------+-------------+--------------+
| Total | Clock Enable | Synchronous | Asynchronous |
+-------+--------------+-------------+--------------+
| 0     |            _ |           - |            - |
| 0     |            _ |           - |          Set |
| 0     |            _ |           - |        Reset |
| 0     |            _ |         Set |            - |
| 0     |            _ |       Reset |            - |
| 0     |          Yes |           - |            - |
| 0     |          Yes |           - |          Set |
| 0     |          Yes |           - |        Reset |
| 567   |          Yes |         Set |            - |
| 6365  |          Yes |       Reset |            - |
+-------+--------------+-------------+--------------+


2. BLOCKRAM
-----------

+-------------------+------+-------+-----------+-------+
|     Site Type     | Used | Fixed | Available | Util% |
+-------------------+------+-------+-----------+-------+
| Block RAM Tile    | 16.5 |     0 |      1080 |  1.53 |
|   RAMB36/FIFO*    |    0 |     0 |      1080 |  0.00 |
|   RAMB18          |   33 |     0 |      2160 |  1.53 |
|     RAMB18E2 only |   33 |       |           |       |
| URAM              |    0 |     0 |        80 |  0.00 |
+-------------------+------+-------+-----------+-------+
* Note: Each Block RAM Tile only has one FIFO logic available and therefore can accommodate only one FIFO36E2 or one FIFO18E2. However, if a FIFO18E2 occupies a Block RAM Tile, that tile can still accommodate a RAMB18E2


3. ARITHMETIC
-------------

+----------------+------+-------+-----------+-------+
|    Site Type   | Used | Fixed | Available | Util% |
+----------------+------+-------+-----------+-------+
| DSPs           |   48 |     0 |      4272 |  1.12 |
|   DSP48E2 only |   48 |       |           |       |
+----------------+------+-------+-----------+-------+


4. I/O
------

+------------+------+-------+-----------+-------+
|  Site Type | Used | Fixed | Available | Util% |
+------------+------+-------+-----------+-------+
| Bonded IOB |    0 |     0 |       347 |  0.00 |
| HS_ADC     |    0 |     0 |         4 |  0.00 |
| HS_DAC     |    0 |     0 |         4 |  0.00 |
+------------+------+-------+-----------+-------+


5. CLOCK
--------

+----------------------+------+-------+-----------+-------+
|       Site Type      | Used | Fixed | Available | Util% |
+----------------------+------+-------+-----------+-------+
| GLOBAL CLOCK BUFFERs |    0 |     0 |       696 |  0.00 |
|   BUFGCE             |    0 |     0 |       216 |  0.00 |
|   BUFGCE_DIV         |    0 |     0 |        32 |  0.00 |
|   BUFG_GT            |    0 |     0 |       312 |  0.00 |
|   BUFG_PS            |    0 |     0 |        72 |  0.00 |
|   BUFGCTRL*          |    0 |     0 |        64 |  0.00 |
| PLL                  |    0 |     0 |        16 |  0.00 |
| MMCM                 |    0 |     0 |         8 |  0.00 |
+----------------------+------+-------+-----------+-------+
* Note: Each used BUFGCTRL counts as two GLOBAL CLOCK BUFFERs. This table does not include global clocking resources, only buffer cell usage. See the Clock Utilization Report (report_clock_utilization) for detailed accounting of global clocking resource availability.


6. ADVANCED
-----------

+-----------------+------+-------+-----------+-------+
|    Site Type    | Used | Fixed | Available | Util% |
+-----------------+------+-------+-----------+-------+
| CMACE4          |    0 |     0 |         2 |  0.00 |
| FE              |    0 |     0 |         8 |  0.00 |
| GTYE4_CHANNEL   |    0 |     0 |        16 |  0.00 |
| GTYE4_COMMON    |    0 |     0 |         4 |  0.00 |
| HSADC           |    0 |     0 |         4 |  0.00 |
| HSDAC           |    0 |     0 |         4 |  0.00 |
| ILKNE4          |    0 |     0 |         1 |  0.00 |
| OBUFDS_GTE4     |    0 |     0 |         8 |  0.00 |
| OBUFDS_GTE4_ADV |    0 |     0 |         8 |  0.00 |
| PCIE40E4        |    0 |     0 |         2 |  0.00 |
| PS8             |    0 |     0 |         1 |  0.00 |
| SYSMONE4        |    0 |     0 |         1 |  0.00 |
+-----------------+------+-------+-----------+-------+


7. CONFIGURATION
----------------

+-------------+------+-------+-----------+-------+
|  Site Type  | Used | Fixed | Available | Util% |
+-------------+------+-------+-----------+-------+
| BSCANE2     |    0 |     0 |         4 |  0.00 |
| DNA_PORTE2  |    0 |     0 |         1 |  0.00 |
| EFUSE_USR   |    0 |     0 |         1 |  0.00 |
| FRAME_ECCE4 |    0 |     0 |         1 |  0.00 |
| ICAPE3      |    0 |     0 |         2 |  0.00 |
| MASTER_JTAG |    0 |     0 |         1 |  0.00 |
| STARTUPE3   |    0 |     0 |         1 |  0.00 |
+-------------+------+-------+-----------+-------+


8. Primitives
-------------

+----------+------+---------------------+
| Ref Name | Used | Functional Category |
+----------+------+---------------------+
| FDRE     | 6365 |            Register |
| LUT2     | 1494 |                 CLB |
| LUT4     | 1029 |                 CLB |
| LUT6     | 1017 |                 CLB |
| LUT5     | 1008 |                 CLB |
| LUT3     |  883 |                 CLB |
| FDSE     |  567 |            Register |
| SRL16E   |  384 |                 CLB |
| CARRY8   |  295 |                 CLB |
| LUT1     |  138 |                 CLB |
| DSP48E2  |   48 |          Arithmetic |
| RAMB18E2 |   33 |           Block Ram |
+----------+------+---------------------+


9. Black Boxes
--------------

+----------+------+
| Ref Name | Used |
+----------+------+


10. Instantiated Netlists
-------------------------

+----------+------+
| Ref Name | Used |
+----------+------+


