Copyright 1986-2019 Xilinx, Inc. All Rights Reserved.
---------------------------------------------------------------------------------------------------------------------------
| Tool Version : Vivado v.2019.2 (lin64) Build 2700185 Thu Oct 24 18:45:48 MDT 2019
| Date         : Fri Oct 25 02:25:03 2019
| Host         : xcosswbld09 running 64-bit Red Hat Enterprise Linux Workstation release 7.4 (Maipo)
| Command      : report_utilization -file design_1_wrapper_utilization_synth.rpt -pb design_1_wrapper_utilization_synth.pb
| Design       : design_1_wrapper
| Device       : xczu28drffvg1517-2
| Design State : Synthesized
---------------------------------------------------------------------------------------------------------------------------

Utilization Design Information

Table of Contents
-----------------
1. CLB Logic
1.1 Summary of Registers by Type
2. BLOCKRAM
3. ARITHMETIC
4. I/O
5. CLOCK
6. ADVANCED
7. CONFIGURATION
8. Primitives
9. Black Boxes
10. Instantiated Netlists

1. CLB Logic
------------

+----------------------------+-------+-------+-----------+-------+
|          Site Type         |  Used | Fixed | Available | Util% |
+----------------------------+-------+-------+-----------+-------+
| CLB LUTs*                  | 27539 |     0 |    425280 |  6.48 |
|   LUT as Logic             | 26216 |     0 |    425280 |  6.16 |
|   LUT as Memory            |  1323 |     0 |    213600 |  0.62 |
|     LUT as Distributed RAM |   432 |     0 |           |       |
|     LUT as Shift Register  |   891 |     0 |           |       |
| CLB Registers              | 41370 |     0 |    850560 |  4.86 |
|   Register as Flip Flop    | 41370 |     0 |    850560 |  4.86 |
|   Register as Latch        |     0 |     0 |    850560 |  0.00 |
| CARRY8                     |   810 |     0 |     53160 |  1.52 |
| F7 Muxes                   |   854 |     0 |    212640 |  0.40 |
| F8 Muxes                   |   278 |     0 |    106320 |  0.26 |
| F9 Muxes                   |     0 |     0 |     53160 |  0.00 |
+----------------------------+-------+-------+-----------+-------+
* Warning! The Final LUT count, after physical optimizations and full implementation, is typically lower. Run opt_design after synthesis, if not already completed, for a more realistic count.


1.1 Summary of Registers by Type
--------------------------------

+-------+--------------+-------------+--------------+
| Total | Clock Enable | Synchronous | Asynchronous |
+-------+--------------+-------------+--------------+
| 0     |            _ |           - |            - |
| 0     |            _ |           - |          Set |
| 0     |            _ |           - |        Reset |
| 0     |            _ |         Set |            - |
| 0     |            _ |       Reset |            - |
| 0     |          Yes |           - |            - |
| 181   |          Yes |           - |          Set |
| 268   |          Yes |           - |        Reset |
| 1621  |          Yes |         Set |            - |
| 39300 |          Yes |       Reset |            - |
+-------+--------------+-------------+--------------+


2. BLOCKRAM
-----------

+-------------------+-------+-------+-----------+-------+
|     Site Type     |  Used | Fixed | Available | Util% |
+-------------------+-------+-------+-----------+-------+
| Block RAM Tile    | 279.5 |     0 |      1080 | 25.88 |
|   RAMB36/FIFO*    |   250 |     0 |      1080 | 23.15 |
|     RAMB36E2 only |   250 |       |           |       |
|   RAMB18          |    59 |     0 |      2160 |  2.73 |
|     RAMB18E2 only |    59 |       |           |       |
| URAM              |     0 |     0 |        80 |  0.00 |
+-------------------+-------+-------+-----------+-------+
* Note: Each Block RAM Tile only has one FIFO logic available and therefore can accommodate only one FIFO36E2 or one FIFO18E2. However, if a FIFO18E2 occupies a Block RAM Tile, that tile can still accommodate a RAMB18E2


3. ARITHMETIC
-------------

+----------------+------+-------+-----------+-------+
|    Site Type   | Used | Fixed | Available | Util% |
+----------------+------+-------+-----------+-------+
| DSPs           |   94 |     0 |      4272 |  2.20 |
|   DSP48E2 only |   94 |       |           |       |
+----------------+------+-------+-----------+-------+


4. I/O
------

+------------+------+-------+-----------+-------+
|  Site Type | Used | Fixed | Available | Util% |
+------------+------+-------+-----------+-------+
| Bonded IOB |   15 |     0 |       347 |  4.32 |
+------------+------+-------+-----------+-------+


5. CLOCK
--------

+----------------------+------+-------+-----------+-------+
|       Site Type      | Used | Fixed | Available | Util% |
+----------------------+------+-------+-----------+-------+
| GLOBAL CLOCK BUFFERs |    6 |     0 |       696 |  0.86 |
|   BUFGCE             |    3 |     0 |       216 |  1.39 |
|   BUFGCE_DIV         |    0 |     0 |        32 |  0.00 |
|   BUFG_GT            |    2 |     0 |       312 |  0.64 |
|   BUFG_PS            |    1 |     0 |        72 |  1.39 |
|   BUFGCTRL*          |    0 |     0 |        64 |  0.00 |
| PLL                  |    0 |     0 |        16 |  0.00 |
| MMCM                 |    1 |     0 |         8 | 12.50 |
+----------------------+------+-------+-----------+-------+
* Note: Each used BUFGCTRL counts as two GLOBAL CLOCK BUFFERs. This table does not include global clocking resources, only buffer cell usage. See the Clock Utilization Report (report_clock_utilization) for detailed accounting of global clocking resource availability.


6. ADVANCED
-----------

+-----------------+------+-------+-----------+--------+
|    Site Type    | Used | Fixed | Available |  Util% |
+-----------------+------+-------+-----------+--------+
| CMACE4          |    0 |     0 |         2 |   0.00 |
| FE              |    2 |     0 |         8 |  25.00 |
| GTYE4_CHANNEL   |    0 |     0 |        16 |   0.00 |
| GTYE4_COMMON    |    0 |     0 |         4 |   0.00 |
| HSADC           |    4 |     0 |         4 | 100.00 |
| HSDAC           |    2 |     0 |         4 |  50.00 |
| ILKNE4          |    0 |     0 |         1 |   0.00 |
| OBUFDS_GTE4     |    0 |     0 |         8 |   0.00 |
| OBUFDS_GTE4_ADV |    0 |     0 |         8 |   0.00 |
| PCIE40E4        |    0 |     0 |         2 |   0.00 |
| PS8             |    1 |     0 |         1 | 100.00 |
| SYSMONE4        |    0 |     0 |         1 |   0.00 |
+-----------------+------+-------+-----------+--------+


7. CONFIGURATION
----------------

+-------------+------+-------+-----------+-------+
|  Site Type  | Used | Fixed | Available | Util% |
+-------------+------+-------+-----------+-------+
| BSCANE2     |    0 |     0 |         4 |  0.00 |
| DNA_PORTE2  |    0 |     0 |         1 |  0.00 |
| EFUSE_USR   |    0 |     0 |         1 |  0.00 |
| FRAME_ECCE4 |    0 |     0 |         1 |  0.00 |
| ICAPE3      |    0 |     0 |         2 |  0.00 |
| MASTER_JTAG |    0 |     0 |         1 |  0.00 |
| STARTUPE3   |    0 |     0 |         1 |  0.00 |
+-------------+------+-------+-----------+-------+


8. Primitives
-------------

+--------------+-------+---------------------+
|   Ref Name   |  Used | Functional Category |
+--------------+-------+---------------------+
| FDRE         | 39300 |            Register |
| LUT6         | 10942 |                 CLB |
| LUT3         |  6017 |                 CLB |
| LUT5         |  5864 |                 CLB |
| LUT2         |  4193 |                 CLB |
| LUT4         |  3888 |                 CLB |
| FDSE         |  1621 |            Register |
| LUT1         |   922 |                 CLB |
| MUXF7        |   854 |                 CLB |
| SRL16E       |   821 |                 CLB |
| CARRY8       |   810 |                 CLB |
| RAMD32       |   756 |                 CLB |
| MUXF8        |   278 |                 CLB |
| FDCE         |   268 |            Register |
| RAMB36E2     |   250 |           Block Ram |
| FDPE         |   181 |            Register |
| RAMS32       |   108 |                 CLB |
| DSP48E2      |    94 |          Arithmetic |
| SRLC32E      |    70 |                 CLB |
| RAMB18E2     |    59 |           Block Ram |
| OBUF         |    11 |                 I/O |
| HSADC        |     4 |            Advanced |
| IBUFCTRL     |     3 |              Others |
| BUFGCE       |     3 |               Clock |
| INBUF        |     2 |                 I/O |
| HSDAC        |     2 |            Advanced |
| FE           |     2 |            Advanced |
| BUFG_GT_SYNC |     2 |               Clock |
| BUFG_GT      |     2 |               Clock |
| PS8          |     1 |            Advanced |
| MMCME4_ADV   |     1 |               Clock |
| DIFFINBUF    |     1 |                 I/O |
| BUFG_PS      |     1 |               Clock |
+--------------+-------+---------------------+


9. Black Boxes
--------------

+----------+------+
| Ref Name | Used |
+----------+------+


10. Instantiated Netlists
-------------------------

+----------+------+
| Ref Name | Used |
+----------+------+


